{"C:\\Users\\User\\Desktop\\Vobb\\src\\models\\Car.ts": {"path":"C:\\Users\\User\\Desktop\\Vobb\\src\\models\\Car.ts","statementMap":{"0":{"start":{"line":1,"column":0},"end":{"line":1,"column":54}},"1":{"start":{"line":24,"column":18},"end":{"line":41,"column":2}},"2":{"start":{"line":43,"column":13},"end":{"line":43,"column":66}}},"fnMap":{},"branchMap":{},"s":{"0":1,"1":1,"2":1},"f":{},"b":{}}
,"C:\\Users\\User\\Desktop\\Vobb\\src\\models\\Category.ts": {"path":"C:\\Users\\User\\Desktop\\Vobb\\src\\models\\Category.ts","statementMap":{"0":{"start":{"line":1,"column":0},"end":{"line":1,"column":61}},"1":{"start":{"line":14,"column":23},"end":{"line":19,"column":2}},"2":{"start":{"line":21,"column":17},"end":{"line":21,"column":86}},"3":{"start":{"line":22,"column":9},"end":{"line":22,"column":17}}},"fnMap":{},"branchMap":{},"s":{"0":2,"1":2,"2":2,"3":2},"f":{},"b":{}}
,"C:\\Users\\User\\Desktop\\Vobb\\src\\models\\Customer.ts": {"path":"C:\\Users\\User\\Desktop\\Vobb\\src\\models\\Customer.ts","statementMap":{"0":{"start":{"line":1,"column":0},"end":{"line":1,"column":61}},"1":{"start":{"line":2,"column":0},"end":{"line":2,"column":30}},"2":{"start":{"line":18,"column":23},"end":{"line":25,"column":2}},"3":{"start":{"line":28,"column":0},"end":{"line":37,"column":3}},"4":{"start":{"line":29,"column":2},"end":{"line":29,"column":50}},"5":{"start":{"line":29,"column":36},"end":{"line":29,"column":50}},"6":{"start":{"line":30,"column":2},"end":{"line":36,"column":3}},"7":{"start":{"line":31,"column":17},"end":{"line":31,"column":41}},"8":{"start":{"line":32,"column":4},"end":{"line":32,"column":59}},"9":{"start":{"line":33,"column":4},"end":{"line":33,"column":11}},"10":{"start":{"line":35,"column":4},"end":{"line":35,"column":25}},"11":{"start":{"line":40,"column":0},"end":{"line":42,"column":2}},"12":{"start":{"line":41,"column":2},"end":{"line":41,"column":58}},"13":{"start":{"line":44,"column":17},"end":{"line":44,"column":86}},"14":{"start":{"line":45,"column":9},"end":{"line":45,"column":17}}},"fnMap":{"0":{"name":"(anonymous_17)","decl":{"start":{"line":28,"column":27},"end":{"line":28,"column":42}},"loc":{"start":{"line":28,"column":46},"end":{"line":37,"column":2}}},"1":{"name":"(anonymous_19)","decl":{"start":{"line":40,"column":41},"end":{"line":40,"column":56}},"loc":{"start":{"line":40,"column":81},"end":{"line":42,"column":2}}}},"branchMap":{"0":{"loc":{"start":{"line":29,"column":2},"end":{"line":29,"column":50}},"type":"if","locations":[{"start":{"line":29,"column":2},"end":{"line":29,"column":50}}]}},"s":{"0":1,"1":1,"2":1,"3":1,"4":4,"5":0,"6":4,"7":4,"8":4,"9":4,"10":0,"11":1,"12":2,"13":1,"14":1},"f":{"0":4,"1":2},"b":{"0":[0]}}
,"C:\\Users\\User\\Desktop\\Vobb\\src\\models\\Manager.ts": {"path":"C:\\Users\\User\\Desktop\\Vobb\\src\\models\\Manager.ts","statementMap":{"0":{"start":{"line":1,"column":0},"end":{"line":1,"column":61}},"1":{"start":{"line":2,"column":0},"end":{"line":2,"column":30}},"2":{"start":{"line":18,"column":22},"end":{"line":25,"column":2}},"3":{"start":{"line":28,"column":0},"end":{"line":37,"column":3}},"4":{"start":{"line":29,"column":2},"end":{"line":29,"column":50}},"5":{"start":{"line":29,"column":36},"end":{"line":29,"column":50}},"6":{"start":{"line":30,"column":2},"end":{"line":36,"column":3}},"7":{"start":{"line":31,"column":17},"end":{"line":31,"column":41}},"8":{"start":{"line":32,"column":4},"end":{"line":32,"column":59}},"9":{"start":{"line":33,"column":4},"end":{"line":33,"column":11}},"10":{"start":{"line":35,"column":4},"end":{"line":35,"column":25}},"11":{"start":{"line":40,"column":0},"end":{"line":42,"column":2}},"12":{"start":{"line":41,"column":2},"end":{"line":41,"column":58}},"13":{"start":{"line":44,"column":16},"end":{"line":44,"column":81}},"14":{"start":{"line":45,"column":9},"end":{"line":45,"column":16}}},"fnMap":{"0":{"name":"(anonymous_17)","decl":{"start":{"line":28,"column":26},"end":{"line":28,"column":41}},"loc":{"start":{"line":28,"column":45},"end":{"line":37,"column":2}}},"1":{"name":"(anonymous_19)","decl":{"start":{"line":40,"column":40},"end":{"line":40,"column":55}},"loc":{"start":{"line":40,"column":80},"end":{"line":42,"column":2}}}},"branchMap":{"0":{"loc":{"start":{"line":29,"column":2},"end":{"line":29,"column":50}},"type":"if","locations":[{"start":{"line":29,"column":2},"end":{"line":29,"column":50}}]}},"s":{"0":1,"1":1,"2":1,"3":1,"4":4,"5":0,"6":4,"7":4,"8":4,"9":4,"10":0,"11":1,"12":2,"13":1,"14":1},"f":{"0":4,"1":2},"b":{"0":[0]}}
,"C:\\Users\\User\\Desktop\\Vobb\\src\\services\\authService.ts": {"path":"C:\\Users\\User\\Desktop\\Vobb\\src\\services\\authService.ts","statementMap":{"0":{"start":{"line":2,"column":0},"end":{"line":2,"column":31}},"1":{"start":{"line":3,"column":0},"end":{"line":3,"column":54}},"2":{"start":{"line":4,"column":0},"end":{"line":4,"column":57}},"3":{"start":{"line":7,"column":21},"end":{"line":13,"column":1}},"4":{"start":{"line":8,"column":17},"end":{"line":8,"column":39}},"5":{"start":{"line":9,"column":2},"end":{"line":11,"column":3}},"6":{"start":{"line":10,"column":4},"end":{"line":10,"column":66}},"7":{"start":{"line":12,"column":2},"end":{"line":12,"column":16}},"8":{"start":{"line":15,"column":31},"end":{"line":29,"column":2}},"9":{"start":{"line":15,"column":72},"end":{"line":29,"column":2}},"10":{"start":{"line":16,"column":36},"end":{"line":16,"column":47}},"11":{"start":{"line":19,"column":26},"end":{"line":19,"column":58}},"12":{"start":{"line":20,"column":2},"end":{"line":22,"column":3}},"13":{"start":{"line":21,"column":4},"end":{"line":21,"column":46}},"14":{"start":{"line":25,"column":18},"end":{"line":25,"column":56}},"15":{"start":{"line":26,"column":2},"end":{"line":26,"column":23}},"16":{"start":{"line":28,"column":2},"end":{"line":28,"column":21}},"17":{"start":{"line":15,"column":13},"end":{"line":15,"column":31}},"18":{"start":{"line":31,"column":28},"end":{"line":52,"column":2}},"19":{"start":{"line":31,"column":70},"end":{"line":52,"column":2}},"20":{"start":{"line":33,"column":18},"end":{"line":33,"column":50}},"21":{"start":{"line":34,"column":2},"end":{"line":36,"column":3}},"22":{"start":{"line":35,"column":4},"end":{"line":35,"column":43}},"23":{"start":{"line":39,"column":18},"end":{"line":39,"column":57}},"24":{"start":{"line":40,"column":2},"end":{"line":42,"column":3}},"25":{"start":{"line":41,"column":4},"end":{"line":41,"column":43}},"26":{"start":{"line":45,"column":16},"end":{"line":48,"column":null}},"27":{"start":{"line":51,"column":2},"end":{"line":51,"column":28}},"28":{"start":{"line":31,"column":13},"end":{"line":31,"column":28}},"29":{"start":{"line":54,"column":32},"end":{"line":68,"column":2}},"30":{"start":{"line":54,"column":75},"end":{"line":68,"column":2}},"31":{"start":{"line":55,"column":36},"end":{"line":55,"column":48}},"32":{"start":{"line":58,"column":27},"end":{"line":58,"column":60}},"33":{"start":{"line":59,"column":2},"end":{"line":61,"column":3}},"34":{"start":{"line":60,"column":4},"end":{"line":60,"column":47}},"35":{"start":{"line":64,"column":19},"end":{"line":64,"column":58}},"36":{"start":{"line":65,"column":2},"end":{"line":65,"column":24}},"37":{"start":{"line":67,"column":2},"end":{"line":67,"column":22}},"38":{"start":{"line":54,"column":13},"end":{"line":54,"column":32}},"39":{"start":{"line":70,"column":29},"end":{"line":91,"column":2}},"40":{"start":{"line":70,"column":71},"end":{"line":91,"column":2}},"41":{"start":{"line":72,"column":19},"end":{"line":72,"column":52}},"42":{"start":{"line":73,"column":2},"end":{"line":75,"column":3}},"43":{"start":{"line":74,"column":4},"end":{"line":74,"column":43}},"44":{"start":{"line":78,"column":18},"end":{"line":78,"column":58}},"45":{"start":{"line":79,"column":2},"end":{"line":81,"column":3}},"46":{"start":{"line":80,"column":4},"end":{"line":80,"column":43}},"47":{"start":{"line":84,"column":16},"end":{"line":87,"column":null}},"48":{"start":{"line":90,"column":2},"end":{"line":90,"column":29}},"49":{"start":{"line":70,"column":13},"end":{"line":70,"column":29}},"50":{"start":{"line":93,"column":21},"end":{"line":119,"column":2}},"51":{"start":{"line":93,"column":63},"end":{"line":119,"column":2}},"52":{"start":{"line":94,"column":18},"end":{"line":94,"column":50}},"53":{"start":{"line":95,"column":2},"end":{"line":97,"column":3}},"54":{"start":{"line":96,"column":4},"end":{"line":96,"column":49}},"55":{"start":{"line":99,"column":18},"end":{"line":99,"column":57}},"56":{"start":{"line":100,"column":2},"end":{"line":102,"column":3}},"57":{"start":{"line":101,"column":4},"end":{"line":101,"column":49}},"58":{"start":{"line":104,"column":16},"end":{"line":107,"column":null}},"59":{"start":{"line":110,"column":2},"end":{"line":118,"column":4}},"60":{"start":{"line":93,"column":13},"end":{"line":93,"column":21}},"61":{"start":{"line":121,"column":24},"end":{"line":145,"column":2}},"62":{"start":{"line":121,"column":65},"end":{"line":145,"column":2}},"63":{"start":{"line":122,"column":26},"end":{"line":122,"column":77}},"64":{"start":{"line":123,"column":2},"end":{"line":125,"column":3}},"65":{"start":{"line":124,"column":4},"end":{"line":124,"column":48}},"66":{"start":{"line":127,"column":18},"end":{"line":127,"column":42}},"67":{"start":{"line":128,"column":2},"end":{"line":128,"column":23}},"68":{"start":{"line":130,"column":16},"end":{"line":133,"column":null}},"69":{"start":{"line":136,"column":2},"end":{"line":144,"column":4}},"70":{"start":{"line":121,"column":13},"end":{"line":121,"column":24}}},"fnMap":{"0":{"name":"(anonymous_8)","decl":{"start":{"line":7,"column":21},"end":{"line":7,"column":32}},"loc":{"start":{"line":7,"column":34},"end":{"line":13,"column":1}}},"1":{"name":"(anonymous_9)","decl":{"start":{"line":15,"column":31},"end":{"line":15,"column":38}},"loc":{"start":{"line":15,"column":72},"end":{"line":29,"column":2}}},"2":{"name":"(anonymous_10)","decl":{"start":{"line":15,"column":72},"end":{"line":15,"column":null}},"loc":{"start":{"line":15,"column":72},"end":{"line":29,"column":1}}},"3":{"name":"(anonymous_11)","decl":{"start":{"line":31,"column":28},"end":{"line":31,"column":35}},"loc":{"start":{"line":31,"column":70},"end":{"line":52,"column":2}}},"4":{"name":"(anonymous_12)","decl":{"start":{"line":31,"column":70},"end":{"line":31,"column":null}},"loc":{"start":{"line":31,"column":70},"end":{"line":52,"column":1}}},"5":{"name":"(anonymous_13)","decl":{"start":{"line":54,"column":32},"end":{"line":54,"column":39}},"loc":{"start":{"line":54,"column":75},"end":{"line":68,"column":2}}},"6":{"name":"(anonymous_14)","decl":{"start":{"line":54,"column":75},"end":{"line":54,"column":null}},"loc":{"start":{"line":54,"column":75},"end":{"line":68,"column":1}}},"7":{"name":"(anonymous_15)","decl":{"start":{"line":70,"column":29},"end":{"line":70,"column":36}},"loc":{"start":{"line":70,"column":71},"end":{"line":91,"column":2}}},"8":{"name":"(anonymous_16)","decl":{"start":{"line":70,"column":71},"end":{"line":70,"column":null}},"loc":{"start":{"line":70,"column":71},"end":{"line":91,"column":1}}},"9":{"name":"(anonymous_17)","decl":{"start":{"line":93,"column":21},"end":{"line":93,"column":28}},"loc":{"start":{"line":93,"column":63},"end":{"line":119,"column":2}}},"10":{"name":"(anonymous_18)","decl":{"start":{"line":93,"column":63},"end":{"line":93,"column":null}},"loc":{"start":{"line":93,"column":63},"end":{"line":119,"column":1}}},"11":{"name":"(anonymous_19)","decl":{"start":{"line":121,"column":24},"end":{"line":121,"column":31}},"loc":{"start":{"line":121,"column":65},"end":{"line":145,"column":2}}},"12":{"name":"(anonymous_20)","decl":{"start":{"line":121,"column":65},"end":{"line":121,"column":null}},"loc":{"start":{"line":121,"column":65},"end":{"line":145,"column":1}}}},"branchMap":{"0":{"loc":{"start":{"line":9,"column":2},"end":{"line":11,"column":3}},"type":"if","locations":[{"start":{"line":9,"column":2},"end":{"line":11,"column":3}}]},"1":{"loc":{"start":{"line":20,"column":2},"end":{"line":22,"column":3}},"type":"if","locations":[{"start":{"line":20,"column":2},"end":{"line":22,"column":3}}]},"2":{"loc":{"start":{"line":34,"column":2},"end":{"line":36,"column":3}},"type":"if","locations":[{"start":{"line":34,"column":2},"end":{"line":36,"column":3}}]},"3":{"loc":{"start":{"line":40,"column":2},"end":{"line":42,"column":3}},"type":"if","locations":[{"start":{"line":40,"column":2},"end":{"line":42,"column":3}}]},"4":{"loc":{"start":{"line":59,"column":2},"end":{"line":61,"column":3}},"type":"if","locations":[{"start":{"line":59,"column":2},"end":{"line":61,"column":3}}]},"5":{"loc":{"start":{"line":73,"column":2},"end":{"line":75,"column":3}},"type":"if","locations":[{"start":{"line":73,"column":2},"end":{"line":75,"column":3}}]},"6":{"loc":{"start":{"line":79,"column":2},"end":{"line":81,"column":3}},"type":"if","locations":[{"start":{"line":79,"column":2},"end":{"line":81,"column":3}}]},"7":{"loc":{"start":{"line":95,"column":2},"end":{"line":97,"column":3}},"type":"if","locations":[{"start":{"line":95,"column":2},"end":{"line":97,"column":3}}]},"8":{"loc":{"start":{"line":100,"column":2},"end":{"line":102,"column":3}},"type":"if","locations":[{"start":{"line":100,"column":2},"end":{"line":102,"column":3}}]},"9":{"loc":{"start":{"line":123,"column":2},"end":{"line":125,"column":3}},"type":"if","locations":[{"start":{"line":123,"column":2},"end":{"line":125,"column":3}}]}},"s":{"0":1,"1":1,"2":1,"3":1,"4":2,"5":2,"6":0,"7":2,"8":1,"9":5,"10":5,"11":5,"12":5,"13":1,"14":4,"15":4,"16":4,"17":1,"18":1,"19":2,"20":2,"21":2,"22":0,"23":2,"24":2,"25":1,"26":1,"27":1,"28":1,"29":1,"30":5,"31":5,"32":5,"33":5,"34":1,"35":4,"36":4,"37":4,"38":1,"39":1,"40":2,"41":2,"42":2,"43":0,"44":2,"45":2,"46":1,"47":1,"48":1,"49":1,"50":1,"51":0,"52":0,"53":0,"54":0,"55":0,"56":0,"57":0,"58":0,"59":0,"60":1,"61":1,"62":0,"63":0,"64":0,"65":0,"66":0,"67":0,"68":0,"69":0,"70":1},"f":{"0":2,"1":5,"2":5,"3":2,"4":2,"5":5,"6":5,"7":2,"8":2,"9":0,"10":0,"11":0,"12":0},"b":{"0":[0],"1":[1],"2":[0],"3":[1],"4":[1],"5":[0],"6":[1],"7":[0],"8":[0],"9":[0]}}
,"C:\\Users\\User\\Desktop\\Vobb\\src\\services\\carService.ts": {"path":"C:\\Users\\User\\Desktop\\Vobb\\src\\services\\carService.ts","statementMap":{"0":{"start":{"line":1,"column":0},"end":{"line":1,"column":42}},"1":{"start":{"line":3,"column":25},"end":{"line":31,"column":2}},"2":{"start":{"line":3,"column":58},"end":{"line":31,"column":2}},"3":{"start":{"line":4,"column":2},"end":{"line":30,"column":3}},"4":{"start":{"line":5,"column":4},"end":{"line":5,"column":74}},"5":{"start":{"line":8,"column":27},"end":{"line":8,"column":77}},"6":{"start":{"line":9,"column":26},"end":{"line":9,"column":96}},"7":{"start":{"line":9,"column":57},"end":{"line":9,"column":95}},"8":{"start":{"line":11,"column":4},"end":{"line":13,"column":5}},"9":{"start":{"line":12,"column":6},"end":{"line":12,"column":78}},"10":{"start":{"line":15,"column":16},"end":{"line":15,"column":32}},"11":{"start":{"line":16,"column":4},"end":{"line":16,"column":86}},"12":{"start":{"line":18,"column":21},"end":{"line":18,"column":37}},"13":{"start":{"line":19,"column":4},"end":{"line":19,"column":78}},"14":{"start":{"line":21,"column":4},"end":{"line":21,"column":20}},"15":{"start":{"line":23,"column":4},"end":{"line":28,"column":7}},"16":{"start":{"line":29,"column":4},"end":{"line":29,"column":16}},"17":{"start":{"line":3,"column":13},"end":{"line":3,"column":25}},"18":{"start":{"line":33,"column":23},"end":{"line":46,"column":2}},"19":{"start":{"line":33,"column":88},"end":{"line":46,"column":2}},"20":{"start":{"line":34,"column":15},"end":{"line":34,"column":33}},"21":{"start":{"line":35,"column":15},"end":{"line":38,"column":17}},"22":{"start":{"line":39,"column":16},"end":{"line":39,"column":48}},"23":{"start":{"line":40,"column":2},"end":{"line":45,"column":4}},"24":{"start":{"line":33,"column":13},"end":{"line":33,"column":23}},"25":{"start":{"line":48,"column":26},"end":{"line":50,"column":2}},"26":{"start":{"line":48,"column":47},"end":{"line":50,"column":2}},"27":{"start":{"line":49,"column":2},"end":{"line":49,"column":53}},"28":{"start":{"line":48,"column":13},"end":{"line":48,"column":26}},"29":{"start":{"line":52,"column":25},"end":{"line":54,"column":2}},"30":{"start":{"line":52,"column":70},"end":{"line":54,"column":2}},"31":{"start":{"line":53,"column":2},"end":{"line":53,"column":86}},"32":{"start":{"line":52,"column":13},"end":{"line":52,"column":25}},"33":{"start":{"line":56,"column":25},"end":{"line":58,"column":2}},"34":{"start":{"line":56,"column":46},"end":{"line":58,"column":2}},"35":{"start":{"line":57,"column":2},"end":{"line":57,"column":41}},"36":{"start":{"line":56,"column":13},"end":{"line":56,"column":25}}},"fnMap":{"0":{"name":"(anonymous_7)","decl":{"start":{"line":3,"column":25},"end":{"line":3,"column":32}},"loc":{"start":{"line":3,"column":58},"end":{"line":31,"column":2}}},"1":{"name":"(anonymous_8)","decl":{"start":{"line":3,"column":58},"end":{"line":3,"column":null}},"loc":{"start":{"line":3,"column":58},"end":{"line":31,"column":1}}},"2":{"name":"(anonymous_9)","decl":{"start":{"line":9,"column":48},"end":{"line":9,"column":53}},"loc":{"start":{"line":9,"column":57},"end":{"line":9,"column":95}}},"3":{"name":"(anonymous_10)","decl":{"start":{"line":33,"column":23},"end":{"line":33,"column":30}},"loc":{"start":{"line":33,"column":88},"end":{"line":46,"column":2}}},"4":{"name":"(anonymous_11)","decl":{"start":{"line":33,"column":88},"end":{"line":33,"column":null}},"loc":{"start":{"line":33,"column":84},"end":{"line":46,"column":1}}},"5":{"name":"(anonymous_12)","decl":{"start":{"line":48,"column":26},"end":{"line":48,"column":33}},"loc":{"start":{"line":48,"column":47},"end":{"line":50,"column":2}}},"6":{"name":"(anonymous_13)","decl":{"start":{"line":48,"column":47},"end":{"line":48,"column":null}},"loc":{"start":{"line":48,"column":47},"end":{"line":50,"column":1}}},"7":{"name":"(anonymous_14)","decl":{"start":{"line":52,"column":25},"end":{"line":52,"column":32}},"loc":{"start":{"line":52,"column":70},"end":{"line":54,"column":2}}},"8":{"name":"(anonymous_15)","decl":{"start":{"line":52,"column":70},"end":{"line":52,"column":null}},"loc":{"start":{"line":52,"column":70},"end":{"line":54,"column":1}}},"9":{"name":"(anonymous_16)","decl":{"start":{"line":56,"column":25},"end":{"line":56,"column":32}},"loc":{"start":{"line":56,"column":46},"end":{"line":58,"column":2}}},"10":{"name":"(anonymous_17)","decl":{"start":{"line":56,"column":46},"end":{"line":56,"column":null}},"loc":{"start":{"line":56,"column":46},"end":{"line":58,"column":1}}}},"branchMap":{"0":{"loc":{"start":{"line":11,"column":4},"end":{"line":13,"column":5}},"type":"if","locations":[{"start":{"line":11,"column":4},"end":{"line":13,"column":5}}]},"1":{"loc":{"start":{"line":33,"column":30},"end":{"line":33,"column":46}},"type":"default-arg","locations":[{"start":{"line":33,"column":44},"end":{"line":33,"column":46}}]},"2":{"loc":{"start":{"line":33,"column":48},"end":{"line":33,"column":64}},"type":"default-arg","locations":[{"start":{"line":33,"column":63},"end":{"line":33,"column":64}}]},"3":{"loc":{"start":{"line":33,"column":66},"end":{"line":33,"column":84}},"type":"default-arg","locations":[{"start":{"line":33,"column":82},"end":{"line":33,"column":84}}]}},"s":{"0":1,"1":1,"2":5,"3":5,"4":5,"5":5,"6":5,"7":25,"8":5,"9":0,"10":5,"11":5,"12":5,"13":5,"14":5,"15":0,"16":0,"17":1,"18":1,"19":1,"20":1,"21":1,"22":1,"23":1,"24":1,"25":1,"26":2,"27":2,"28":1,"29":1,"30":1,"31":1,"32":1,"33":1,"34":1,"35":1,"36":1},"f":{"0":5,"1":5,"2":25,"3":1,"4":1,"5":2,"6":2,"7":1,"8":1,"9":1,"10":1},"b":{"0":[0],"1":[1],"2":[1],"3":[1]}}
,"C:\\Users\\User\\Desktop\\Vobb\\src\\services\\categoryService.ts": {"path":"C:\\Users\\User\\Desktop\\Vobb\\src\\services\\categoryService.ts","statementMap":{"0":{"start":{"line":1,"column":0},"end":{"line":1,"column":57}},"1":{"start":{"line":3,"column":30},"end":{"line":12,"column":2}},"2":{"start":{"line":3,"column":93},"end":{"line":12,"column":2}},"3":{"start":{"line":5,"column":27},"end":{"line":5,"column":78}},"4":{"start":{"line":6,"column":2},"end":{"line":8,"column":3}},"5":{"start":{"line":7,"column":4},"end":{"line":7,"column":62}},"6":{"start":{"line":10,"column":19},"end":{"line":10,"column":45}},"7":{"start":{"line":11,"column":2},"end":{"line":11,"column":25}},"8":{"start":{"line":3,"column":13},"end":{"line":3,"column":30}},"9":{"start":{"line":14,"column":29},"end":{"line":27,"column":2}},"10":{"start":{"line":14,"column":163},"end":{"line":27,"column":2}},"11":{"start":{"line":15,"column":15},"end":{"line":15,"column":33}},"12":{"start":{"line":16,"column":30},"end":{"line":19,"column":4}},"13":{"start":{"line":21,"column":2},"end":{"line":26,"column":4}},"14":{"start":{"line":14,"column":13},"end":{"line":14,"column":29}},"15":{"start":{"line":29,"column":31},"end":{"line":31,"column":2}},"16":{"start":{"line":29,"column":79},"end":{"line":31,"column":2}},"17":{"start":{"line":30,"column":2},"end":{"line":30,"column":31}},"18":{"start":{"line":29,"column":13},"end":{"line":29,"column":31}},"19":{"start":{"line":33,"column":30},"end":{"line":46,"column":2}},"20":{"start":{"line":33,"column":112},"end":{"line":46,"column":2}},"21":{"start":{"line":35,"column":2},"end":{"line":43,"column":3}},"22":{"start":{"line":36,"column":29},"end":{"line":39,"column":6}},"23":{"start":{"line":40,"column":4},"end":{"line":42,"column":5}},"24":{"start":{"line":41,"column":6},"end":{"line":41,"column":64}},"25":{"start":{"line":45,"column":2},"end":{"line":45,"column":69}},"26":{"start":{"line":33,"column":13},"end":{"line":33,"column":30}},"27":{"start":{"line":48,"column":30},"end":{"line":50,"column":2}},"28":{"start":{"line":48,"column":78},"end":{"line":50,"column":2}},"29":{"start":{"line":49,"column":2},"end":{"line":49,"column":40}},"30":{"start":{"line":48,"column":13},"end":{"line":48,"column":30}}},"fnMap":{"0":{"name":"(anonymous_7)","decl":{"start":{"line":3,"column":30},"end":{"line":3,"column":37}},"loc":{"start":{"line":3,"column":93},"end":{"line":12,"column":2}}},"1":{"name":"(anonymous_8)","decl":{"start":{"line":3,"column":93},"end":{"line":3,"column":null}},"loc":{"start":{"line":3,"column":93},"end":{"line":12,"column":1}}},"2":{"name":"(anonymous_9)","decl":{"start":{"line":14,"column":29},"end":{"line":14,"column":36}},"loc":{"start":{"line":14,"column":163},"end":{"line":27,"column":2}}},"3":{"name":"(anonymous_10)","decl":{"start":{"line":14,"column":163},"end":{"line":14,"column":null}},"loc":{"start":{"line":14,"column":72},"end":{"line":27,"column":1}}},"4":{"name":"(anonymous_11)","decl":{"start":{"line":29,"column":31},"end":{"line":29,"column":38}},"loc":{"start":{"line":29,"column":79},"end":{"line":31,"column":2}}},"5":{"name":"(anonymous_12)","decl":{"start":{"line":29,"column":79},"end":{"line":29,"column":null}},"loc":{"start":{"line":29,"column":79},"end":{"line":31,"column":1}}},"6":{"name":"(anonymous_13)","decl":{"start":{"line":33,"column":30},"end":{"line":33,"column":37}},"loc":{"start":{"line":33,"column":112},"end":{"line":46,"column":2}}},"7":{"name":"(anonymous_14)","decl":{"start":{"line":33,"column":112},"end":{"line":33,"column":null}},"loc":{"start":{"line":33,"column":112},"end":{"line":46,"column":1}}},"8":{"name":"(anonymous_15)","decl":{"start":{"line":48,"column":30},"end":{"line":48,"column":37}},"loc":{"start":{"line":48,"column":78},"end":{"line":50,"column":2}}},"9":{"name":"(anonymous_16)","decl":{"start":{"line":48,"column":78},"end":{"line":48,"column":null}},"loc":{"start":{"line":48,"column":78},"end":{"line":50,"column":1}}}},"branchMap":{"0":{"loc":{"start":{"line":6,"column":2},"end":{"line":8,"column":3}},"type":"if","locations":[{"start":{"line":6,"column":2},"end":{"line":8,"column":3}}]},"1":{"loc":{"start":{"line":14,"column":36},"end":{"line":14,"column":52}},"type":"default-arg","locations":[{"start":{"line":14,"column":51},"end":{"line":14,"column":52}}]},"2":{"loc":{"start":{"line":14,"column":54},"end":{"line":14,"column":72}},"type":"default-arg","locations":[{"start":{"line":14,"column":70},"end":{"line":14,"column":72}}]},"3":{"loc":{"start":{"line":35,"column":2},"end":{"line":43,"column":3}},"type":"if","locations":[{"start":{"line":35,"column":2},"end":{"line":43,"column":3}}]},"4":{"loc":{"start":{"line":40,"column":4},"end":{"line":42,"column":5}},"type":"if","locations":[{"start":{"line":40,"column":4},"end":{"line":42,"column":5}}]}},"s":{"0":1,"1":1,"2":7,"3":7,"4":7,"5":1,"6":6,"7":6,"8":1,"9":1,"10":1,"11":1,"12":1,"13":1,"14":1,"15":1,"16":2,"17":2,"18":1,"19":1,"20":1,"21":1,"22":1,"23":1,"24":0,"25":1,"26":1,"27":1,"28":1,"29":1,"30":1},"f":{"0":7,"1":7,"2":1,"3":1,"4":2,"5":2,"6":1,"7":1,"8":1,"9":1},"b":{"0":[1],"1":[1],"2":[1],"3":[1],"4":[0]}}
}
