{"C:\\Users\\User\\Desktop\\Vobb\\src\\models\\Customer.ts": {"path":"C:\\Users\\User\\Desktop\\Vobb\\src\\models\\Customer.ts","statementMap":{"0":{"start":{"line":1,"column":0},"end":{"line":1,"column":61}},"1":{"start":{"line":2,"column":0},"end":{"line":2,"column":30}},"2":{"start":{"line":18,"column":23},"end":{"line":25,"column":2}},"3":{"start":{"line":28,"column":0},"end":{"line":37,"column":3}},"4":{"start":{"line":29,"column":2},"end":{"line":29,"column":50}},"5":{"start":{"line":29,"column":36},"end":{"line":29,"column":50}},"6":{"start":{"line":30,"column":2},"end":{"line":36,"column":3}},"7":{"start":{"line":31,"column":17},"end":{"line":31,"column":41}},"8":{"start":{"line":32,"column":4},"end":{"line":32,"column":59}},"9":{"start":{"line":33,"column":4},"end":{"line":33,"column":11}},"10":{"start":{"line":35,"column":4},"end":{"line":35,"column":25}},"11":{"start":{"line":40,"column":0},"end":{"line":42,"column":2}},"12":{"start":{"line":41,"column":2},"end":{"line":41,"column":58}},"13":{"start":{"line":44,"column":17},"end":{"line":44,"column":86}},"14":{"start":{"line":45,"column":9},"end":{"line":45,"column":17}}},"fnMap":{"0":{"name":"(anonymous_17)","decl":{"start":{"line":28,"column":27},"end":{"line":28,"column":42}},"loc":{"start":{"line":28,"column":46},"end":{"line":37,"column":2}}},"1":{"name":"(anonymous_19)","decl":{"start":{"line":40,"column":41},"end":{"line":40,"column":56}},"loc":{"start":{"line":40,"column":81},"end":{"line":42,"column":2}}}},"branchMap":{"0":{"loc":{"start":{"line":29,"column":2},"end":{"line":29,"column":50}},"type":"if","locations":[{"start":{"line":29,"column":2},"end":{"line":29,"column":50}}]}},"s":{"0":1,"1":1,"2":1,"3":1,"4":0,"5":0,"6":0,"7":0,"8":0,"9":0,"10":0,"11":1,"12":0,"13":1,"14":1},"f":{"0":0,"1":0},"b":{"0":[0]}}
,"C:\\Users\\User\\Desktop\\Vobb\\src\\models\\Manager.ts": {"path":"C:\\Users\\User\\Desktop\\Vobb\\src\\models\\Manager.ts","statementMap":{"0":{"start":{"line":1,"column":0},"end":{"line":1,"column":61}},"1":{"start":{"line":2,"column":0},"end":{"line":2,"column":30}},"2":{"start":{"line":18,"column":22},"end":{"line":25,"column":2}},"3":{"start":{"line":28,"column":0},"end":{"line":37,"column":3}},"4":{"start":{"line":29,"column":2},"end":{"line":29,"column":50}},"5":{"start":{"line":29,"column":36},"end":{"line":29,"column":50}},"6":{"start":{"line":30,"column":2},"end":{"line":36,"column":3}},"7":{"start":{"line":31,"column":17},"end":{"line":31,"column":41}},"8":{"start":{"line":32,"column":4},"end":{"line":32,"column":59}},"9":{"start":{"line":33,"column":4},"end":{"line":33,"column":11}},"10":{"start":{"line":35,"column":4},"end":{"line":35,"column":25}},"11":{"start":{"line":40,"column":0},"end":{"line":42,"column":2}},"12":{"start":{"line":41,"column":2},"end":{"line":41,"column":58}},"13":{"start":{"line":44,"column":16},"end":{"line":44,"column":81}},"14":{"start":{"line":45,"column":9},"end":{"line":45,"column":16}}},"fnMap":{"0":{"name":"(anonymous_17)","decl":{"start":{"line":28,"column":26},"end":{"line":28,"column":41}},"loc":{"start":{"line":28,"column":45},"end":{"line":37,"column":2}}},"1":{"name":"(anonymous_19)","decl":{"start":{"line":40,"column":40},"end":{"line":40,"column":55}},"loc":{"start":{"line":40,"column":80},"end":{"line":42,"column":2}}}},"branchMap":{"0":{"loc":{"start":{"line":29,"column":2},"end":{"line":29,"column":50}},"type":"if","locations":[{"start":{"line":29,"column":2},"end":{"line":29,"column":50}}]}},"s":{"0":1,"1":1,"2":1,"3":1,"4":0,"5":0,"6":0,"7":0,"8":0,"9":0,"10":0,"11":1,"12":0,"13":1,"14":1},"f":{"0":0,"1":0},"b":{"0":[0]}}
,"C:\\Users\\User\\Desktop\\Vobb\\src\\services\\authService.ts": {"path":"C:\\Users\\User\\Desktop\\Vobb\\src\\services\\authService.ts","statementMap":{"0":{"start":{"line":2,"column":0},"end":{"line":2,"column":31}},"1":{"start":{"line":3,"column":0},"end":{"line":3,"column":54}},"2":{"start":{"line":4,"column":0},"end":{"line":4,"column":57}},"3":{"start":{"line":7,"column":21},"end":{"line":13,"column":1}},"4":{"start":{"line":8,"column":17},"end":{"line":8,"column":39}},"5":{"start":{"line":9,"column":2},"end":{"line":11,"column":3}},"6":{"start":{"line":10,"column":4},"end":{"line":10,"column":66}},"7":{"start":{"line":12,"column":2},"end":{"line":12,"column":16}},"8":{"start":{"line":15,"column":31},"end":{"line":36,"column":2}},"9":{"start":{"line":15,"column":72},"end":{"line":36,"column":2}},"10":{"start":{"line":16,"column":36},"end":{"line":16,"column":47}},"11":{"start":{"line":19,"column":26},"end":{"line":19,"column":58}},"12":{"start":{"line":20,"column":2},"end":{"line":22,"column":3}},"13":{"start":{"line":21,"column":4},"end":{"line":21,"column":46}},"14":{"start":{"line":25,"column":18},"end":{"line":25,"column":56}},"15":{"start":{"line":26,"column":2},"end":{"line":26,"column":23}},"16":{"start":{"line":29,"column":16},"end":{"line":32,"column":null}},"17":{"start":{"line":35,"column":2},"end":{"line":35,"column":28}},"18":{"start":{"line":15,"column":13},"end":{"line":15,"column":31}},"19":{"start":{"line":38,"column":28},"end":{"line":59,"column":2}},"20":{"start":{"line":38,"column":70},"end":{"line":59,"column":2}},"21":{"start":{"line":40,"column":18},"end":{"line":40,"column":50}},"22":{"start":{"line":41,"column":2},"end":{"line":43,"column":3}},"23":{"start":{"line":42,"column":4},"end":{"line":42,"column":43}},"24":{"start":{"line":46,"column":18},"end":{"line":46,"column":57}},"25":{"start":{"line":47,"column":2},"end":{"line":49,"column":3}},"26":{"start":{"line":48,"column":4},"end":{"line":48,"column":43}},"27":{"start":{"line":52,"column":16},"end":{"line":55,"column":null}},"28":{"start":{"line":58,"column":2},"end":{"line":58,"column":28}},"29":{"start":{"line":38,"column":13},"end":{"line":38,"column":28}},"30":{"start":{"line":61,"column":32},"end":{"line":82,"column":2}},"31":{"start":{"line":61,"column":75},"end":{"line":82,"column":2}},"32":{"start":{"line":62,"column":36},"end":{"line":62,"column":48}},"33":{"start":{"line":65,"column":27},"end":{"line":65,"column":60}},"34":{"start":{"line":66,"column":2},"end":{"line":68,"column":3}},"35":{"start":{"line":67,"column":4},"end":{"line":67,"column":47}},"36":{"start":{"line":71,"column":19},"end":{"line":71,"column":58}},"37":{"start":{"line":72,"column":2},"end":{"line":72,"column":24}},"38":{"start":{"line":75,"column":16},"end":{"line":78,"column":null}},"39":{"start":{"line":81,"column":2},"end":{"line":81,"column":29}},"40":{"start":{"line":61,"column":13},"end":{"line":61,"column":32}},"41":{"start":{"line":84,"column":29},"end":{"line":105,"column":2}},"42":{"start":{"line":84,"column":71},"end":{"line":105,"column":2}},"43":{"start":{"line":86,"column":19},"end":{"line":86,"column":52}},"44":{"start":{"line":87,"column":2},"end":{"line":89,"column":3}},"45":{"start":{"line":88,"column":4},"end":{"line":88,"column":43}},"46":{"start":{"line":92,"column":18},"end":{"line":92,"column":58}},"47":{"start":{"line":93,"column":2},"end":{"line":95,"column":3}},"48":{"start":{"line":94,"column":4},"end":{"line":94,"column":43}},"49":{"start":{"line":98,"column":16},"end":{"line":101,"column":null}},"50":{"start":{"line":104,"column":2},"end":{"line":104,"column":29}},"51":{"start":{"line":84,"column":13},"end":{"line":84,"column":29}},"52":{"start":{"line":107,"column":21},"end":{"line":133,"column":2}},"53":{"start":{"line":107,"column":63},"end":{"line":133,"column":2}},"54":{"start":{"line":108,"column":18},"end":{"line":108,"column":50}},"55":{"start":{"line":109,"column":2},"end":{"line":111,"column":3}},"56":{"start":{"line":110,"column":4},"end":{"line":110,"column":49}},"57":{"start":{"line":113,"column":18},"end":{"line":113,"column":57}},"58":{"start":{"line":114,"column":2},"end":{"line":116,"column":3}},"59":{"start":{"line":115,"column":4},"end":{"line":115,"column":49}},"60":{"start":{"line":118,"column":16},"end":{"line":121,"column":null}},"61":{"start":{"line":124,"column":2},"end":{"line":132,"column":4}},"62":{"start":{"line":107,"column":13},"end":{"line":107,"column":21}},"63":{"start":{"line":135,"column":24},"end":{"line":159,"column":2}},"64":{"start":{"line":135,"column":65},"end":{"line":159,"column":2}},"65":{"start":{"line":136,"column":26},"end":{"line":136,"column":77}},"66":{"start":{"line":137,"column":2},"end":{"line":139,"column":3}},"67":{"start":{"line":138,"column":4},"end":{"line":138,"column":48}},"68":{"start":{"line":141,"column":18},"end":{"line":141,"column":42}},"69":{"start":{"line":142,"column":2},"end":{"line":142,"column":23}},"70":{"start":{"line":144,"column":16},"end":{"line":147,"column":null}},"71":{"start":{"line":150,"column":2},"end":{"line":158,"column":4}},"72":{"start":{"line":135,"column":13},"end":{"line":135,"column":24}}},"fnMap":{"0":{"name":"(anonymous_8)","decl":{"start":{"line":7,"column":21},"end":{"line":7,"column":32}},"loc":{"start":{"line":7,"column":34},"end":{"line":13,"column":1}}},"1":{"name":"(anonymous_9)","decl":{"start":{"line":15,"column":31},"end":{"line":15,"column":38}},"loc":{"start":{"line":15,"column":72},"end":{"line":36,"column":2}}},"2":{"name":"(anonymous_10)","decl":{"start":{"line":15,"column":72},"end":{"line":15,"column":null}},"loc":{"start":{"line":15,"column":72},"end":{"line":36,"column":1}}},"3":{"name":"(anonymous_11)","decl":{"start":{"line":38,"column":28},"end":{"line":38,"column":35}},"loc":{"start":{"line":38,"column":70},"end":{"line":59,"column":2}}},"4":{"name":"(anonymous_12)","decl":{"start":{"line":38,"column":70},"end":{"line":38,"column":null}},"loc":{"start":{"line":38,"column":70},"end":{"line":59,"column":1}}},"5":{"name":"(anonymous_13)","decl":{"start":{"line":61,"column":32},"end":{"line":61,"column":39}},"loc":{"start":{"line":61,"column":75},"end":{"line":82,"column":2}}},"6":{"name":"(anonymous_14)","decl":{"start":{"line":61,"column":75},"end":{"line":61,"column":null}},"loc":{"start":{"line":61,"column":75},"end":{"line":82,"column":1}}},"7":{"name":"(anonymous_15)","decl":{"start":{"line":84,"column":29},"end":{"line":84,"column":36}},"loc":{"start":{"line":84,"column":71},"end":{"line":105,"column":2}}},"8":{"name":"(anonymous_16)","decl":{"start":{"line":84,"column":71},"end":{"line":84,"column":null}},"loc":{"start":{"line":84,"column":71},"end":{"line":105,"column":1}}},"9":{"name":"(anonymous_17)","decl":{"start":{"line":107,"column":21},"end":{"line":107,"column":28}},"loc":{"start":{"line":107,"column":63},"end":{"line":133,"column":2}}},"10":{"name":"(anonymous_18)","decl":{"start":{"line":107,"column":63},"end":{"line":107,"column":null}},"loc":{"start":{"line":107,"column":63},"end":{"line":133,"column":1}}},"11":{"name":"(anonymous_19)","decl":{"start":{"line":135,"column":24},"end":{"line":135,"column":31}},"loc":{"start":{"line":135,"column":65},"end":{"line":159,"column":2}}},"12":{"name":"(anonymous_20)","decl":{"start":{"line":135,"column":65},"end":{"line":135,"column":null}},"loc":{"start":{"line":135,"column":65},"end":{"line":159,"column":1}}}},"branchMap":{"0":{"loc":{"start":{"line":9,"column":2},"end":{"line":11,"column":3}},"type":"if","locations":[{"start":{"line":9,"column":2},"end":{"line":11,"column":3}}]},"1":{"loc":{"start":{"line":20,"column":2},"end":{"line":22,"column":3}},"type":"if","locations":[{"start":{"line":20,"column":2},"end":{"line":22,"column":3}}]},"2":{"loc":{"start":{"line":41,"column":2},"end":{"line":43,"column":3}},"type":"if","locations":[{"start":{"line":41,"column":2},"end":{"line":43,"column":3}}]},"3":{"loc":{"start":{"line":47,"column":2},"end":{"line":49,"column":3}},"type":"if","locations":[{"start":{"line":47,"column":2},"end":{"line":49,"column":3}}]},"4":{"loc":{"start":{"line":66,"column":2},"end":{"line":68,"column":3}},"type":"if","locations":[{"start":{"line":66,"column":2},"end":{"line":68,"column":3}}]},"5":{"loc":{"start":{"line":87,"column":2},"end":{"line":89,"column":3}},"type":"if","locations":[{"start":{"line":87,"column":2},"end":{"line":89,"column":3}}]},"6":{"loc":{"start":{"line":93,"column":2},"end":{"line":95,"column":3}},"type":"if","locations":[{"start":{"line":93,"column":2},"end":{"line":95,"column":3}}]},"7":{"loc":{"start":{"line":109,"column":2},"end":{"line":111,"column":3}},"type":"if","locations":[{"start":{"line":109,"column":2},"end":{"line":111,"column":3}}]},"8":{"loc":{"start":{"line":114,"column":2},"end":{"line":116,"column":3}},"type":"if","locations":[{"start":{"line":114,"column":2},"end":{"line":116,"column":3}}]},"9":{"loc":{"start":{"line":137,"column":2},"end":{"line":139,"column":3}},"type":"if","locations":[{"start":{"line":137,"column":2},"end":{"line":139,"column":3}}]}},"s":{"0":1,"1":1,"2":1,"3":1,"4":0,"5":0,"6":0,"7":0,"8":1,"9":0,"10":0,"11":0,"12":0,"13":0,"14":0,"15":0,"16":0,"17":0,"18":1,"19":1,"20":0,"21":0,"22":0,"23":0,"24":0,"25":0,"26":0,"27":0,"28":0,"29":1,"30":1,"31":0,"32":0,"33":0,"34":0,"35":0,"36":0,"37":0,"38":0,"39":0,"40":1,"41":1,"42":0,"43":0,"44":0,"45":0,"46":0,"47":0,"48":0,"49":0,"50":0,"51":1,"52":1,"53":0,"54":0,"55":0,"56":0,"57":0,"58":0,"59":0,"60":0,"61":0,"62":1,"63":1,"64":0,"65":0,"66":0,"67":0,"68":0,"69":0,"70":0,"71":0,"72":1},"f":{"0":0,"1":0,"2":0,"3":0,"4":0,"5":0,"6":0,"7":0,"8":0,"9":0,"10":0,"11":0,"12":0},"b":{"0":[0],"1":[0],"2":[0],"3":[0],"4":[0],"5":[0],"6":[0],"7":[0],"8":[0],"9":[0]}}
}
