TN:
SF:src\models\Car.ts
FNF:0
FNH:0
DA:1,1
DA:24,1
DA:43,1
LF:3
LH:3
BRF:0
BRH:0
end_of_record
TN:
SF:src\models\Category.ts
FNF:0
FNH:0
DA:1,2
DA:14,2
DA:21,2
DA:22,2
LF:4
LH:4
BRF:0
BRH:0
end_of_record
TN:
SF:src\models\Customer.ts
FN:28,(anonymous_17)
FN:40,(anonymous_19)
FNF:2
FNH:2
FNDA:4,(anonymous_17)
FNDA:2,(anonymous_19)
DA:1,1
DA:2,1
DA:18,1
DA:28,1
DA:29,4
DA:30,4
DA:31,4
DA:32,4
DA:33,4
DA:35,0
DA:40,1
DA:41,2
DA:44,1
DA:45,1
LF:14
LH:13
BRDA:29,0,0,0
BRF:1
BRH:0
end_of_record
TN:
SF:src\models\Manager.ts
FN:28,(anonymous_17)
FN:40,(anonymous_19)
FNF:2
FNH:2
FNDA:4,(anonymous_17)
FNDA:2,(anonymous_19)
DA:1,1
DA:2,1
DA:18,1
DA:28,1
DA:29,4
DA:30,4
DA:31,4
DA:32,4
DA:33,4
DA:35,0
DA:40,1
DA:41,2
DA:44,1
DA:45,1
LF:14
LH:13
BRDA:29,0,0,0
BRF:1
BRH:0
end_of_record
TN:
SF:src\services\authService.ts
FN:7,(anonymous_8)
FN:15,(anonymous_9)
FN:15,(anonymous_10)
FN:31,(anonymous_11)
FN:31,(anonymous_12)
FN:54,(anonymous_13)
FN:54,(anonymous_14)
FN:70,(anonymous_15)
FN:70,(anonymous_16)
FN:93,(anonymous_17)
FN:93,(anonymous_18)
FN:121,(anonymous_19)
FN:121,(anonymous_20)
FNF:13
FNH:9
FNDA:2,(anonymous_8)
FNDA:5,(anonymous_9)
FNDA:5,(anonymous_10)
FNDA:2,(anonymous_11)
FNDA:2,(anonymous_12)
FNDA:5,(anonymous_13)
FNDA:5,(anonymous_14)
FNDA:2,(anonymous_15)
FNDA:2,(anonymous_16)
FNDA:0,(anonymous_17)
FNDA:0,(anonymous_18)
FNDA:0,(anonymous_19)
FNDA:0,(anonymous_20)
DA:2,1
DA:3,1
DA:4,1
DA:7,1
DA:8,2
DA:9,2
DA:10,0
DA:12,2
DA:15,5
DA:16,5
DA:19,5
DA:20,5
DA:21,1
DA:25,4
DA:26,4
DA:28,4
DA:31,2
DA:33,2
DA:34,2
DA:35,0
DA:39,2
DA:40,2
DA:41,1
DA:45,1
DA:51,1
DA:54,5
DA:55,5
DA:58,5
DA:59,5
DA:60,1
DA:64,4
DA:65,4
DA:67,4
DA:70,2
DA:72,2
DA:73,2
DA:74,0
DA:78,2
DA:79,2
DA:80,1
DA:84,1
DA:90,1
DA:93,1
DA:94,0
DA:95,0
DA:96,0
DA:99,0
DA:100,0
DA:101,0
DA:104,0
DA:110,0
DA:121,1
DA:122,0
DA:123,0
DA:124,0
DA:127,0
DA:128,0
DA:130,0
DA:136,0
LF:59
LH:41
BRDA:9,0,0,0
BRDA:20,1,0,1
BRDA:34,2,0,0
BRDA:40,3,0,1
BRDA:59,4,0,1
BRDA:73,5,0,0
BRDA:79,6,0,1
BRDA:95,7,0,0
BRDA:100,8,0,0
BRDA:123,9,0,0
BRF:10
BRH:4
end_of_record
TN:
SF:src\services\carService.ts
FN:3,(anonymous_7)
FN:3,(anonymous_8)
FN:9,(anonymous_9)
FN:33,(anonymous_10)
FN:33,(anonymous_11)
FN:48,(anonymous_12)
FN:48,(anonymous_13)
FN:52,(anonymous_14)
FN:52,(anonymous_15)
FN:56,(anonymous_16)
FN:56,(anonymous_17)
FNF:11
FNH:11
FNDA:5,(anonymous_7)
FNDA:5,(anonymous_8)
FNDA:25,(anonymous_9)
FNDA:1,(anonymous_10)
FNDA:1,(anonymous_11)
FNDA:2,(anonymous_12)
FNDA:2,(anonymous_13)
FNDA:1,(anonymous_14)
FNDA:1,(anonymous_15)
FNDA:1,(anonymous_16)
FNDA:1,(anonymous_17)
DA:1,1
DA:3,5
DA:4,5
DA:5,5
DA:8,5
DA:9,25
DA:11,5
DA:12,0
DA:15,5
DA:16,5
DA:18,5
DA:19,5
DA:21,5
DA:23,0
DA:29,0
DA:33,1
DA:34,1
DA:35,1
DA:39,1
DA:40,1
DA:48,2
DA:49,2
DA:52,1
DA:53,1
DA:56,1
DA:57,1
LF:26
LH:23
BRDA:11,0,0,0
BRDA:33,1,0,1
BRDA:33,2,0,1
BRDA:33,3,0,1
BRF:4
BRH:3
end_of_record
TN:
SF:src\services\categoryService.ts
FN:3,(anonymous_7)
FN:3,(anonymous_8)
FN:14,(anonymous_9)
FN:14,(anonymous_10)
FN:29,(anonymous_11)
FN:29,(anonymous_12)
FN:33,(anonymous_13)
FN:33,(anonymous_14)
FN:48,(anonymous_15)
FN:48,(anonymous_16)
FNF:10
FNH:10
FNDA:7,(anonymous_7)
FNDA:7,(anonymous_8)
FNDA:1,(anonymous_9)
FNDA:1,(anonymous_10)
FNDA:2,(anonymous_11)
FNDA:2,(anonymous_12)
FNDA:1,(anonymous_13)
FNDA:1,(anonymous_14)
FNDA:1,(anonymous_15)
FNDA:1,(anonymous_16)
DA:1,1
DA:3,7
DA:5,7
DA:6,7
DA:7,1
DA:10,6
DA:11,6
DA:14,1
DA:15,1
DA:16,1
DA:21,1
DA:29,2
DA:30,2
DA:33,1
DA:35,1
DA:36,1
DA:40,1
DA:41,0
DA:45,1
DA:48,1
DA:49,1
LF:21
LH:20
BRDA:6,0,0,1
BRDA:14,1,0,1
BRDA:14,2,0,1
BRDA:35,3,0,1
BRDA:40,4,0,0
BRF:5
BRH:4
end_of_record
