TN:
SF:src\models\Customer.ts
FN:28,(anonymous_17)
FN:40,(anonymous_19)
FNF:2
FNH:0
FNDA:0,(anonymous_17)
FNDA:0,(anonymous_19)
DA:1,1
DA:2,1
DA:18,1
DA:28,1
DA:29,0
DA:30,0
DA:31,0
DA:32,0
DA:33,0
DA:35,0
DA:40,1
DA:41,0
DA:44,1
DA:45,1
LF:14
LH:7
BRDA:29,0,0,0
BRF:1
BRH:0
end_of_record
TN:
SF:src\models\Manager.ts
FN:28,(anonymous_17)
FN:40,(anonymous_19)
FNF:2
FNH:0
FNDA:0,(anonymous_17)
FNDA:0,(anonymous_19)
DA:1,1
DA:2,1
DA:18,1
DA:28,1
DA:29,0
DA:30,0
DA:31,0
DA:32,0
DA:33,0
DA:35,0
DA:40,1
DA:41,0
DA:44,1
DA:45,1
LF:14
LH:7
BRDA:29,0,0,0
BRF:1
BRH:0
end_of_record
TN:
SF:src\services\authService.ts
FN:7,(anonymous_8)
FN:15,(anonymous_9)
FN:15,(anonymous_10)
FN:38,(anonymous_11)
FN:38,(anonymous_12)
FN:61,(anonymous_13)
FN:61,(anonymous_14)
FN:84,(anonymous_15)
FN:84,(anonymous_16)
FN:107,(anonymous_17)
FN:107,(anonymous_18)
FN:135,(anonymous_19)
FN:135,(anonymous_20)
FNF:13
FNH:0
FNDA:0,(anonymous_8)
FNDA:0,(anonymous_9)
FNDA:0,(anonymous_10)
FNDA:0,(anonymous_11)
FNDA:0,(anonymous_12)
FNDA:0,(anonymous_13)
FNDA:0,(anonymous_14)
FNDA:0,(anonymous_15)
FNDA:0,(anonymous_16)
FNDA:0,(anonymous_17)
FNDA:0,(anonymous_18)
FNDA:0,(anonymous_19)
FNDA:0,(anonymous_20)
DA:2,1
DA:3,1
DA:4,1
DA:7,1
DA:8,0
DA:9,0
DA:10,0
DA:12,0
DA:15,1
DA:16,0
DA:19,0
DA:20,0
DA:21,0
DA:25,0
DA:26,0
DA:29,0
DA:35,0
DA:38,1
DA:40,0
DA:41,0
DA:42,0
DA:46,0
DA:47,0
DA:48,0
DA:52,0
DA:58,0
DA:61,1
DA:62,0
DA:65,0
DA:66,0
DA:67,0
DA:71,0
DA:72,0
DA:75,0
DA:81,0
DA:84,1
DA:86,0
DA:87,0
DA:88,0
DA:92,0
DA:93,0
DA:94,0
DA:98,0
DA:104,0
DA:107,1
DA:108,0
DA:109,0
DA:110,0
DA:113,0
DA:114,0
DA:115,0
DA:118,0
DA:124,0
DA:135,1
DA:136,0
DA:137,0
DA:138,0
DA:141,0
DA:142,0
DA:144,0
DA:150,0
LF:61
LH:10
BRDA:9,0,0,0
BRDA:20,1,0,0
BRDA:41,2,0,0
BRDA:47,3,0,0
BRDA:66,4,0,0
BRDA:87,5,0,0
BRDA:93,6,0,0
BRDA:109,7,0,0
BRDA:114,8,0,0
BRDA:137,9,0,0
BRF:10
BRH:0
end_of_record
